<?xml version="1.0" encoding="UTF-8"?>
<testsuite xmlns:xsi="http://www.w3.org/2001/XMLSchema-instance" xsi:noNamespaceSchemaLocation="https://maven.apache.org/surefire/maven-surefire-plugin/xsd/surefire-test-report-3.0.xsd" version="3.0" name="hellocucumber.RunCucumberTest" time="0.388" tests="6" errors="0" skipped="0" failures="0">
  <properties>
    <property name="java.specification.version" value="18"/>
    <property name="sun.jnu.encoding" value="UTF-8"/>
    <property name="java.class.path" value="/Users/frederikdahl/Soft dev/2 semester/Test/Handins/test_handin2/twokatas/target/test-classes:/Users/frederikdahl/Soft dev/2 semester/Test/Handins/test_handin2/twokatas/target/classes:/Users/frederikdahl/.m2/repository/io/cucumber/cucumber-java/7.5.0/cucumber-java-7.5.0.jar:/Users/frederikdahl/.m2/repository/io/cucumber/cucumber-core/7.5.0/cucumber-core-7.5.0.jar:/Users/frederikdahl/.m2/repository/io/cucumber/cucumber-gherkin/7.5.0/cucumber-gherkin-7.5.0.jar:/Users/frederikdahl/.m2/repository/io/cucumber/cucumber-gherkin-messages/7.5.0/cucumber-gherkin-messages-7.5.0.jar:/Users/frederikdahl/.m2/repository/io/cucumber/gherkin/23.0.1/gherkin-23.0.1.jar:/Users/frederikdahl/.m2/repository/io/cucumber/messages/18.0.0/messages-18.0.0.jar:/Users/frederikdahl/.m2/repository/io/cucumber/tag-expressions/4.1.0/tag-expressions-4.1.0.jar:/Users/frederikdahl/.m2/repository/io/cucumber/cucumber-expressions/16.0.0/cucumber-expressions-16.0.0.jar:/Users/frederikdahl/.m2/repository/io/cucumber/datatable/7.5.0/datatable-7.5.0.jar:/Users/frederikdahl/.m2/repository/io/cucumber/cucumber-plugin/7.5.0/cucumber-plugin-7.5.0.jar:/Users/frederikdahl/.m2/repository/io/cucumber/docstring/7.5.0/docstring-7.5.0.jar:/Users/frederikdahl/.m2/repository/io/cucumber/html-formatter/19.2.0/html-formatter-19.2.0.jar:/Users/frederikdahl/.m2/repository/io/cucumber/ci-environment/9.1.0/ci-environment-9.1.0.jar:/Users/frederikdahl/.m2/repository/org/apiguardian/apiguardian-api/1.1.2/apiguardian-api-1.1.2.jar:/Users/frederikdahl/.m2/repository/io/cucumber/cucumber-junit-platform-engine/7.5.0/cucumber-junit-platform-engine-7.5.0.jar:/Users/frederikdahl/.m2/repository/org/junit/platform/junit-platform-engine/1.9.0/junit-platform-engine-1.9.0.jar:/Users/frederikdahl/.m2/repository/org/opentest4j/opentest4j/1.2.0/opentest4j-1.2.0.jar:/Users/frederikdahl/.m2/repository/org/junit/platform/junit-platform-commons/1.9.0/junit-platform-commons-1.9.0.jar:/Users/frederikdahl/.m2/repository/org/junit/platform/junit-platform-suite/1.9.0/junit-platform-suite-1.9.0.jar:/Users/frederikdahl/.m2/repository/org/junit/platform/junit-platform-suite-api/1.9.0/junit-platform-suite-api-1.9.0.jar:/Users/frederikdahl/.m2/repository/org/junit/platform/junit-platform-suite-engine/1.9.0/junit-platform-suite-engine-1.9.0.jar:/Users/frederikdahl/.m2/repository/org/junit/platform/junit-platform-suite-commons/1.9.0/junit-platform-suite-commons-1.9.0.jar:/Users/frederikdahl/.m2/repository/org/junit/platform/junit-platform-launcher/1.9.0/junit-platform-launcher-1.9.0.jar:/Users/frederikdahl/.m2/repository/org/junit/jupiter/junit-jupiter/5.9.0/junit-jupiter-5.9.0.jar:/Users/frederikdahl/.m2/repository/org/junit/jupiter/junit-jupiter-api/5.9.0/junit-jupiter-api-5.9.0.jar:/Users/frederikdahl/.m2/repository/org/junit/jupiter/junit-jupiter-params/5.9.0/junit-jupiter-params-5.9.0.jar:/Users/frederikdahl/.m2/repository/org/junit/jupiter/junit-jupiter-engine/5.9.0/junit-jupiter-engine-5.9.0.jar:/Users/frederikdahl/.m2/repository/junit/junit/4.12/junit-4.12.jar:/Users/frederikdahl/.m2/repository/org/hamcrest/hamcrest-core/1.3/hamcrest-core-1.3.jar:"/>
    <property name="java.vm.vendor" value="Oracle Corporation"/>
    <property name="sun.arch.data.model" value="64"/>
    <property name="java.vendor.url" value="https://java.oracle.com/"/>
    <property name="user.timezone" value="Europe/Copenhagen"/>
    <property name="os.name" value="Mac OS X"/>
    <property name="java.vm.specification.version" value="18"/>
    <property name="sun.java.launcher" value="SUN_STANDARD"/>
    <property name="user.country" value="DK"/>
    <property name="sun.boot.library.path" value="/Users/frederikdahl/Library/Java/JavaVirtualMachines/openjdk-18.0.2.1/Contents/Home/lib"/>
    <property name="sun.java.command" value="/Users/frederikdahl/Soft dev/2 semester/Test/Handins/test_handin2/twokatas/target/surefire/surefirebooter-20221010093214793_3.jar /Users/frederikdahl/Soft dev/2 semester/Test/Handins/test_handin2/twokatas/target/surefire 2022-10-10T09-32-14_211-jvmRun1 surefire-20221010093214793_1tmp surefire_0-20221010093214793_2tmp"/>
    <property name="http.nonProxyHosts" value="local|*.local|169.254/16|*.169.254/16"/>
    <property name="jdk.debug" value="release"/>
    <property name="surefire.test.class.path" value="/Users/frederikdahl/Soft dev/2 semester/Test/Handins/test_handin2/twokatas/target/test-classes:/Users/frederikdahl/Soft dev/2 semester/Test/Handins/test_handin2/twokatas/target/classes:/Users/frederikdahl/.m2/repository/io/cucumber/cucumber-java/7.5.0/cucumber-java-7.5.0.jar:/Users/frederikdahl/.m2/repository/io/cucumber/cucumber-core/7.5.0/cucumber-core-7.5.0.jar:/Users/frederikdahl/.m2/repository/io/cucumber/cucumber-gherkin/7.5.0/cucumber-gherkin-7.5.0.jar:/Users/frederikdahl/.m2/repository/io/cucumber/cucumber-gherkin-messages/7.5.0/cucumber-gherkin-messages-7.5.0.jar:/Users/frederikdahl/.m2/repository/io/cucumber/gherkin/23.0.1/gherkin-23.0.1.jar:/Users/frederikdahl/.m2/repository/io/cucumber/messages/18.0.0/messages-18.0.0.jar:/Users/frederikdahl/.m2/repository/io/cucumber/tag-expressions/4.1.0/tag-expressions-4.1.0.jar:/Users/frederikdahl/.m2/repository/io/cucumber/cucumber-expressions/16.0.0/cucumber-expressions-16.0.0.jar:/Users/frederikdahl/.m2/repository/io/cucumber/datatable/7.5.0/datatable-7.5.0.jar:/Users/frederikdahl/.m2/repository/io/cucumber/cucumber-plugin/7.5.0/cucumber-plugin-7.5.0.jar:/Users/frederikdahl/.m2/repository/io/cucumber/docstring/7.5.0/docstring-7.5.0.jar:/Users/frederikdahl/.m2/repository/io/cucumber/html-formatter/19.2.0/html-formatter-19.2.0.jar:/Users/frederikdahl/.m2/repository/io/cucumber/ci-environment/9.1.0/ci-environment-9.1.0.jar:/Users/frederikdahl/.m2/repository/org/apiguardian/apiguardian-api/1.1.2/apiguardian-api-1.1.2.jar:/Users/frederikdahl/.m2/repository/io/cucumber/cucumber-junit-platform-engine/7.5.0/cucumber-junit-platform-engine-7.5.0.jar:/Users/frederikdahl/.m2/repository/org/junit/platform/junit-platform-engine/1.9.0/junit-platform-engine-1.9.0.jar:/Users/frederikdahl/.m2/repository/org/opentest4j/opentest4j/1.2.0/opentest4j-1.2.0.jar:/Users/frederikdahl/.m2/repository/org/junit/platform/junit-platform-commons/1.9.0/junit-platform-commons-1.9.0.jar:/Users/frederikdahl/.m2/repository/org/junit/platform/junit-platform-suite/1.9.0/junit-platform-suite-1.9.0.jar:/Users/frederikdahl/.m2/repository/org/junit/platform/junit-platform-suite-api/1.9.0/junit-platform-suite-api-1.9.0.jar:/Users/frederikdahl/.m2/repository/org/junit/platform/junit-platform-suite-engine/1.9.0/junit-platform-suite-engine-1.9.0.jar:/Users/frederikdahl/.m2/repository/org/junit/platform/junit-platform-suite-commons/1.9.0/junit-platform-suite-commons-1.9.0.jar:/Users/frederikdahl/.m2/repository/org/junit/platform/junit-platform-launcher/1.9.0/junit-platform-launcher-1.9.0.jar:/Users/frederikdahl/.m2/repository/org/junit/jupiter/junit-jupiter/5.9.0/junit-jupiter-5.9.0.jar:/Users/frederikdahl/.m2/repository/org/junit/jupiter/junit-jupiter-api/5.9.0/junit-jupiter-api-5.9.0.jar:/Users/frederikdahl/.m2/repository/org/junit/jupiter/junit-jupiter-params/5.9.0/junit-jupiter-params-5.9.0.jar:/Users/frederikdahl/.m2/repository/org/junit/jupiter/junit-jupiter-engine/5.9.0/junit-jupiter-engine-5.9.0.jar:/Users/frederikdahl/.m2/repository/junit/junit/4.12/junit-4.12.jar:/Users/frederikdahl/.m2/repository/org/hamcrest/hamcrest-core/1.3/hamcrest-core-1.3.jar:"/>
    <property name="sun.cpu.endian" value="little"/>
    <property name="user.home" value="/Users/frederikdahl"/>
    <property name="user.language" value="da"/>
    <property name="java.specification.vendor" value="Oracle Corporation"/>
    <property name="java.version.date" value="2022-08-18"/>
    <property name="java.home" value="/Users/frederikdahl/Library/Java/JavaVirtualMachines/openjdk-18.0.2.1/Contents/Home"/>
    <property name="file.separator" value="/"/>
    <property name="basedir" value="/Users/frederikdahl/Soft dev/2 semester/Test/Handins/test_handin2/twokatas"/>
    <property name="java.vm.compressedOopsMode" value="Zero based"/>
    <property name="line.separator" value="&#10;"/>
    <property name="java.vm.specification.vendor" value="Oracle Corporation"/>
    <property name="java.specification.name" value="Java Platform API Specification"/>
    <property name="apple.awt.application.name" value="ForkedBooter"/>
    <property name="surefire.real.class.path" value="/Users/frederikdahl/Soft dev/2 semester/Test/Handins/test_handin2/twokatas/target/surefire/surefirebooter-20221010093214793_3.jar"/>
    <property name="sun.management.compiler" value="HotSpot 64-Bit Tiered Compilers"/>
    <property name="ftp.nonProxyHosts" value="local|*.local|169.254/16|*.169.254/16"/>
    <property name="java.runtime.version" value="18.0.2.1+1-1"/>
    <property name="user.name" value="frederikdahl"/>
    <property name="path.separator" value=":"/>
    <property name="os.version" value="12.6"/>
    <property name="java.runtime.name" value="OpenJDK Runtime Environment"/>
    <property name="file.encoding" value="UTF-8"/>
    <property name="java.vm.name" value="OpenJDK 64-Bit Server VM"/>
    <property name="localRepository" value="/Users/frederikdahl/.m2/repository"/>
    <property name="java.vendor.url.bug" value="https://bugreport.java.com/bugreport/"/>
    <property name="java.io.tmpdir" value="/var/folders/pn/2rl8ss7d7jvfqq1s0xgt0rd00000gn/T/"/>
    <property name="java.version" value="18.0.2.1"/>
    <property name="user.dir" value="/Users/frederikdahl/Soft dev/2 semester/Test/Handins/test_handin2/twokatas"/>
    <property name="os.arch" value="x86_64"/>
    <property name="java.vm.specification.name" value="Java Virtual Machine Specification"/>
    <property name="native.encoding" value="UTF-8"/>
    <property name="java.library.path" value="/Users/frederikdahl/Library/Java/Extensions:/Library/Java/Extensions:/Network/Library/Java/Extensions:/System/Library/Java/Extensions:/usr/lib/java:."/>
    <property name="java.vm.info" value="mixed mode, sharing"/>
    <property name="java.vendor" value="Oracle Corporation"/>
    <property name="java.vm.version" value="18.0.2.1+1-1"/>
    <property name="sun.io.unicode.encoding" value="UnicodeBig"/>
    <property name="socksNonProxyHosts" value="local|*.local|169.254/16|*.169.254/16"/>
    <property name="java.class.version" value="62.0"/>
  </properties>
  <testcase name="aBc should be capitalized to ABC" classname="Is the string capitalized?" time="0.12">
    <system-out><![CDATA[
Scenario: aBc should be capitalized to ABC &amp#27;[90m# hellocucumber/capitalizse_string.feature:4&amp#27;[0m
  &amp#27;[32mGiven &amp#27;[0m&amp#27;[32man input string &amp#27;[0m&amp#27;[32m&amp#27;[1m"aBc"&amp#27;[0m              &amp#27;[90m# hellocucumber.StepDefinitions.an_input_string(java.lang.String)&amp#27;[0m
  &amp#27;[32mWhen &amp#27;[0m&amp#27;[32mI capitalize the string&amp#27;[0m             &amp#27;[90m# hellocucumber.StepDefinitions.i_capitalize_the_string()&amp#27;[0m
  &amp#27;[32mThen &amp#27;[0m&amp#27;[32mI should return the string &amp#27;[0m&amp#27;[32m&amp#27;[1m"ABC"&amp#27;[0m    &amp#27;[90m# hellocucumber.StepDefinitions.i_should_return_the_string_reversed(java.lang.String)&amp#27;[0m
]]></system-out>
  </testcase>
  <testcase name="No input string to capitalize" classname="Is the string capitalized?" time="0.011">
    <system-out><![CDATA[
Scenario: No input string to capitalize      &amp#27;[90m# hellocucumber/capitalizse_string.feature:9&amp#27;[0m
  &amp#27;[32mGiven &amp#27;[0m&amp#27;[32mno input string&amp#27;[0m                      &amp#27;[90m# hellocucumber.StepDefinitions.no_input_string()&amp#27;[0m
  &amp#27;[32mWhen &amp#27;[0m&amp#27;[32mI reverse the string&amp#27;[0m                  &amp#27;[90m# hellocucumber.StepDefinitions.i_reverse_the_string()&amp#27;[0m
  &amp#27;[32mThen &amp#27;[0m&amp#27;[32mI should return the string &amp#27;[0m&amp#27;[32m&amp#27;[1m"no input"&amp#27;[0m &amp#27;[90m# hellocucumber.StepDefinitions.i_should_return_the_string_reversed(java.lang.String)&amp#27;[0m
]]></system-out>
  </testcase>
  <testcase name="aBc should be lowercased to abc" classname="Is the string lowercase?" time="0.023">
    <system-out><![CDATA[
Scenario: aBc should be lowercased to abc &amp#27;[90m# hellocucumber/lowercase_string.feature:5&amp#27;[0m
  &amp#27;[32mGiven &amp#27;[0m&amp#27;[32man input string &amp#27;[0m&amp#27;[32m&amp#27;[1m"aBc"&amp#27;[0m             &amp#27;[90m# hellocucumber.StepDefinitions.an_input_string(java.lang.String)&amp#27;[0m
  &amp#27;[32mWhen &amp#27;[0m&amp#27;[32mI lowercase the string&amp#27;[0m             &amp#27;[90m# hellocucumber.StepDefinitions.i_lowercase_the_string()&amp#27;[0m
  &amp#27;[32mThen &amp#27;[0m&amp#27;[32mI should return the string &amp#27;[0m&amp#27;[32m&amp#27;[1m"abc"&amp#27;[0m   &amp#27;[90m# hellocucumber.StepDefinitions.i_should_return_the_string_reversed(java.lang.String)&amp#27;[0m
]]></system-out>
  </testcase>
  <testcase name="No input string to lowercase" classname="Is the string lowercase?" time="0.009">
    <system-out><![CDATA[
Scenario: No input string to lowercase       &amp#27;[90m# hellocucumber/lowercase_string.feature:10&amp#27;[0m
  &amp#27;[32mGiven &amp#27;[0m&amp#27;[32mno input string&amp#27;[0m                      &amp#27;[90m# hellocucumber.StepDefinitions.no_input_string()&amp#27;[0m
  &amp#27;[32mWhen &amp#27;[0m&amp#27;[32mI reverse the string&amp#27;[0m                  &amp#27;[90m# hellocucumber.StepDefinitions.i_reverse_the_string()&amp#27;[0m
  &amp#27;[32mThen &amp#27;[0m&amp#27;[32mI should return the string &amp#27;[0m&amp#27;[32m&amp#27;[1m"no input"&amp#27;[0m &amp#27;[90m# hellocucumber.StepDefinitions.i_should_return_the_string_reversed(java.lang.String)&amp#27;[0m
]]></system-out>
  </testcase>
  <testcase name="Input string should be reversed" classname="Is the string reversed?" time="0.01">
    <system-out><![CDATA[
Scenario: Input string should be reversed &amp#27;[90m# hellocucumber/reverse_string.feature:4&amp#27;[0m
  &amp#27;[32mGiven &amp#27;[0m&amp#27;[32man input string &amp#27;[0m&amp#27;[32m&amp#27;[1m"aBc"&amp#27;[0m             &amp#27;[90m# hellocucumber.StepDefinitions.an_input_string(java.lang.String)&amp#27;[0m
  &amp#27;[32mWhen &amp#27;[0m&amp#27;[32mI reverse the string&amp#27;[0m               &amp#27;[90m# hellocucumber.StepDefinitions.i_reverse_the_string()&amp#27;[0m
  &amp#27;[32mThen &amp#27;[0m&amp#27;[32mI should return the string &amp#27;[0m&amp#27;[32m&amp#27;[1m"cBa"&amp#27;[0m   &amp#27;[90m# hellocucumber.StepDefinitions.i_should_return_the_string_reversed(java.lang.String)&amp#27;[0m
]]></system-out>
  </testcase>
  <testcase name="No input string to reverse" classname="Is the string reversed?" time="0.01">
    <system-out><![CDATA[
Scenario: No input string to reverse         &amp#27;[90m# hellocucumber/reverse_string.feature:9&amp#27;[0m
  &amp#27;[32mGiven &amp#27;[0m&amp#27;[32mno input string&amp#27;[0m                      &amp#27;[90m# hellocucumber.StepDefinitions.no_input_string()&amp#27;[0m
  &amp#27;[32mWhen &amp#27;[0m&amp#27;[32mI reverse the string&amp#27;[0m                  &amp#27;[90m# hellocucumber.StepDefinitions.i_reverse_the_string()&amp#27;[0m
  &amp#27;[32mThen &amp#27;[0m&amp#27;[32mI should return the string &amp#27;[0m&amp#27;[32m&amp#27;[1m"no input"&amp#27;[0m &amp#27;[90m# hellocucumber.StepDefinitions.i_should_return_the_string_reversed(java.lang.String)&amp#27;[0m
]]></system-out>
  </testcase>
</testsuite>